[16:06:56][FINE/MorePlayerModels][noppes.mpm.MorePlayerModels:116] Mon Sep 05 16:06:56 CDT 2022
[16:06:56][FINE/MorePlayerModels][noppes.mpm.MorePlayerModels:116] Loading
[16:06:57][SEVERE/MorePlayerModels][noppes.mpm.client.parts.MpmPartReader:42] Error in geckolib3:animations/bat.animation.json
[16:06:57][SEVERE/MorePlayerModels][noppes.mpm.client.parts.MpmPartReader:42] noppes.mpm.util.MpmException: Error in animation: format_version
	at TRANSFORMER/moreplayermodels@1.18.2.20220801/noppes.mpm.client.parts.MpmPartAnimation.loadAnimations(MpmPartAnimation.java:102)
	at TRANSFORMER/moreplayermodels@1.18.2.20220801/noppes.mpm.client.parts.MpmPartReader.reload(MpmPartReader.java:40)
	at TRANSFORMER/moreplayermodels@1.18.2.20220801/noppes.mpm.client.ClientProxy.lambda$load$1(ClientProxy.java:91)
	at TRANSFORMER/moreplayermodels@1.18.2.20220801/noppes.mpm.client.ClientProxy.load(ClientProxy.java:103)
	at TRANSFORMER/moreplayermodels@1.18.2.20220801/noppes.mpm.MorePlayerModels.setup(MorePlayerModels.java:127)
	at MC-BOOTSTRAP/eventbus@5.0.3/net.minecraftforge.eventbus.EventBus.doCastFilter(EventBus.java:247)
	at MC-BOOTSTRAP/eventbus@5.0.3/net.minecraftforge.eventbus.EventBus.lambda$addListener$11(EventBus.java:239)
	at MC-BOOTSTRAP/eventbus@5.0.3/net.minecraftforge.eventbus.EventBus.post(EventBus.java:302)
	at MC-BOOTSTRAP/eventbus@5.0.3/net.minecraftforge.eventbus.EventBus.post(EventBus.java:283)
	at LAYER PLUGIN/javafmllanguage@1.18.2-40.1.30/net.minecraftforge.fml.javafmlmod.FMLModContainer.acceptEvent(FMLModContainer.java:106)
	at LAYER PLUGIN/fmlcore@1.18.2-40.1.30/net.minecraftforge.fml.ModContainer.lambda$buildTransitionHandler$4(ModContainer.java:107)
	at java.base/java.util.concurrent.CompletableFuture$AsyncRun.run(CompletableFuture.java:1804)
	at java.base/java.util.concurrent.CompletableFuture$AsyncRun.exec(CompletableFuture.java:1796)
	at java.base/java.util.concurrent.ForkJoinTask.doExec(ForkJoinTask.java:373)
	at java.base/java.util.concurrent.ForkJoinPool$WorkQueue.topLevelExec(ForkJoinPool.java:1182)
	at java.base/java.util.concurrent.ForkJoinPool.scan(ForkJoinPool.java:1655)
	at java.base/java.util.concurrent.ForkJoinPool.runWorker(ForkJoinPool.java:1622)
	at java.base/java.util.concurrent.ForkJoinWorkerThread.run(ForkJoinWorkerThread.java:165)
Caused by: java.lang.IllegalArgumentException: No enum constant noppes.mpm.constants.EnumAnimation.FORMAT_VERSION
	at java.base/java.lang.Enum.valueOf(Enum.java:273)
	at TRANSFORMER/moreplayermodels@1.18.2.20220801/noppes.mpm.constants.EnumAnimation.valueOf(EnumAnimation.java:3)
	at TRANSFORMER/moreplayermodels@1.18.2.20220801/noppes.mpm.client.parts.MpmPartAnimation.loadAnimations(MpmPartAnimation.java:59)
	... 17 more
[16:06:57][SEVERE/MorePlayerModels][noppes.mpm.client.parts.MpmPartReader:42] Error in naturalist:animations/bear.animation.json
[16:06:57][SEVERE/MorePlayerModels][noppes.mpm.client.parts.MpmPartReader:42] noppes.mpm.util.MpmException: Error in animation: format_version
	at TRANSFORMER/moreplayermodels@1.18.2.20220801/noppes.mpm.client.parts.MpmPartAnimation.loadAnimations(MpmPartAnimation.java:102)
	at TRANSFORMER/moreplayermodels@1.18.2.20220801/noppes.mpm.client.parts.MpmPartReader.reload(MpmPartReader.java:40)
	at TRANSFORMER/moreplayermodels@1.18.2.20220801/noppes.mpm.client.ClientProxy.lambda$load$1(ClientProxy.java:91)
	at TRANSFORMER/moreplayermodels@1.18.2.20220801/noppes.mpm.client.ClientProxy.load(ClientProxy.java:103)
	at TRANSFORMER/moreplayermodels@1.18.2.20220801/noppes.mpm.MorePlayerModels.setup(MorePlayerModels.java:127)
	at MC-BOOTSTRAP/eventbus@5.0.3/net.minecraftforge.eventbus.EventBus.doCastFilter(EventBus.java:247)
	at MC-BOOTSTRAP/eventbus@5.0.3/net.minecraftforge.eventbus.EventBus.lambda$addListener$11(EventBus.java:239)
	at MC-BOOTSTRAP/eventbus@5.0.3/net.minecraftforge.eventbus.EventBus.post(EventBus.java:302)
	at MC-BOOTSTRAP/eventbus@5.0.3/net.minecraftforge.eventbus.EventBus.post(EventBus.java:283)
	at LAYER PLUGIN/javafmllanguage@1.18.2-40.1.30/net.minecraftforge.fml.javafmlmod.FMLModContainer.acceptEvent(FMLModContainer.java:106)
	at LAYER PLUGIN/fmlcore@1.18.2-40.1.30/net.minecraftforge.fml.ModContainer.lambda$buildTransitionHandler$4(ModContainer.java:107)
	at java.base/java.util.concurrent.CompletableFuture$AsyncRun.run(CompletableFuture.java:1804)
	at java.base/java.util.concurrent.CompletableFuture$AsyncRun.exec(CompletableFuture.java:1796)
	at java.base/java.util.concurrent.ForkJoinTask.doExec(ForkJoinTask.java:373)
	at java.base/java.util.concurrent.ForkJoinPool$WorkQueue.topLevelExec(ForkJoinPool.java:1182)
	at java.base/java.util.concurrent.ForkJoinPool.scan(ForkJoinPool.java:1655)
	at java.base/java.util.concurrent.ForkJoinPool.runWorker(ForkJoinPool.java:1622)
	at java.base/java.util.concurrent.ForkJoinWorkerThread.run(ForkJoinWorkerThread.java:165)
Caused by: java.lang.IllegalArgumentException: No enum constant noppes.mpm.constants.EnumAnimation.FORMAT_VERSION
	at java.base/java.lang.Enum.valueOf(Enum.java:273)
	at TRANSFORMER/moreplayermodels@1.18.2.20220801/noppes.mpm.constants.EnumAnimation.valueOf(EnumAnimation.java:3)
	at TRANSFORMER/moreplayermodels@1.18.2.20220801/noppes.mpm.client.parts.MpmPartAnimation.loadAnimations(MpmPartAnimation.java:59)
	... 17 more
[16:06:57][SEVERE/MorePlayerModels][noppes.mpm.client.parts.MpmPartReader:42] Error in geckolib3:animations/bike.animation.json
[16:06:57][SEVERE/MorePlayerModels][noppes.mpm.client.parts.MpmPartReader:42] noppes.mpm.util.MpmException: Error in animation: format_version
	at TRANSFORMER/moreplayermodels@1.18.2.20220801/noppes.mpm.client.parts.MpmPartAnimation.loadAnimations(MpmPartAnimation.java:102)
	at TRANSFORMER/moreplayermodels@1.18.2.20220801/noppes.mpm.client.parts.MpmPartReader.reload(MpmPartReader.java:40)
	at TRANSFORMER/moreplayermodels@1.18.2.20220801/noppes.mpm.client.ClientProxy.lambda$load$1(ClientProxy.java:91)
	at TRANSFORMER/moreplayermodels@1.18.2.20220801/noppes.mpm.client.ClientProxy.load(ClientProxy.java:103)
	at TRANSFORMER/moreplayermodels@1.18.2.20220801/noppes.mpm.MorePlayerModels.setup(MorePlayerModels.java:127)
	at MC-BOOTSTRAP/eventbus@5.0.3/net.minecraftforge.eventbus.EventBus.doCastFilter(EventBus.java:247)
	at MC-BOOTSTRAP/eventbus@5.0.3/net.minecraftforge.eventbus.EventBus.lambda$addListener$11(EventBus.java:239)
	at MC-BOOTSTRAP/eventbus@5.0.3/net.minecraftforge.eventbus.EventBus.post(EventBus.java:302)
	at MC-BOOTSTRAP/eventbus@5.0.3/net.minecraftforge.eventbus.EventBus.post(EventBus.java:283)
	at LAYER PLUGIN/javafmllanguage@1.18.2-40.1.30/net.minecraftforge.fml.javafmlmod.FMLModContainer.acceptEvent(FMLModContainer.java:106)
	at LAYER PLUGIN/fmlcore@1.18.2-40.1.30/net.minecraftforge.fml.ModContainer.lambda$buildTransitionHandler$4(ModContainer.java:107)
	at java.base/java.util.concurrent.CompletableFuture$AsyncRun.run(CompletableFuture.java:1804)
	at java.base/java.util.concurrent.CompletableFuture$AsyncRun.exec(CompletableFuture.java:1796)
	at java.base/java.util.concurrent.ForkJoinTask.doExec(ForkJoinTask.java:373)
	at java.base/java.util.concurrent.ForkJoinPool$WorkQueue.topLevelExec(ForkJoinPool.java:1182)
	at java.base/java.util.concurrent.ForkJoinPool.scan(ForkJoinPool.java:1655)
	at java.base/java.util.concurrent.ForkJoinPool.runWorker(ForkJoinPool.java:1622)
	at java.base/java.util.concurrent.ForkJoinWorkerThread.run(ForkJoinWorkerThread.java:165)
Caused by: java.lang.IllegalArgumentException: No enum constant noppes.mpm.constants.EnumAnimation.FORMAT_VERSION
	at java.base/java.lang.Enum.valueOf(Enum.java:273)
	at TRANSFORMER/moreplayermodels@1.18.2.20220801/noppes.mpm.constants.EnumAnimation.valueOf(EnumAnimation.java:3)
	at TRANSFORMER/moreplayermodels@1.18.2.20220801/noppes.mpm.client.parts.MpmPartAnimation.loadAnimations(MpmPartAnimation.java:59)
	... 17 more
[16:06:57][SEVERE/MorePlayerModels][noppes.mpm.client.parts.MpmPartReader:42] Error in naturalist:animations/bird.animation.json
[16:06:57][SEVERE/MorePlayerModels][noppes.mpm.client.parts.MpmPartReader:42] noppes.mpm.util.MpmException: Error in animation: format_version
	at TRANSFORMER/moreplayermodels@1.18.2.20220801/noppes.mpm.client.parts.MpmPartAnimation.loadAnimations(MpmPartAnimation.java:102)
	at TRANSFORMER/moreplayermodels@1.18.2.20220801/noppes.mpm.client.parts.MpmPartReader.reload(MpmPartReader.java:40)
	at TRANSFORMER/moreplayermodels@1.18.2.20220801/noppes.mpm.client.ClientProxy.lambda$load$1(ClientProxy.java:91)
	at TRANSFORMER/moreplayermodels@1.18.2.20220801/noppes.mpm.client.ClientProxy.load(ClientProxy.java:103)
	at TRANSFORMER/moreplayermodels@1.18.2.20220801/noppes.mpm.MorePlayerModels.setup(MorePlayerModels.java:127)
	at MC-BOOTSTRAP/eventbus@5.0.3/net.minecraftforge.eventbus.EventBus.doCastFilter(EventBus.java:247)
	at MC-BOOTSTRAP/eventbus@5.0.3/net.minecraftforge.eventbus.EventBus.lambda$addListener$11(EventBus.java:239)
	at MC-BOOTSTRAP/eventbus@5.0.3/net.minecraftforge.eventbus.EventBus.post(EventBus.java:302)
	at MC-BOOTSTRAP/eventbus@5.0.3/net.minecraftforge.eventbus.EventBus.post(EventBus.java:283)
	at LAYER PLUGIN/javafmllanguage@1.18.2-40.1.30/net.minecraftforge.fml.javafmlmod.FMLModContainer.acceptEvent(FMLModContainer.java:106)
	at LAYER PLUGIN/fmlcore@1.18.2-40.1.30/net.minecraftforge.fml.ModContainer.lambda$buildTransitionHandler$4(ModContainer.java:107)
	at java.base/java.util.concurrent.CompletableFuture$AsyncRun.run(CompletableFuture.java:1804)
	at java.base/java.util.concurrent.CompletableFuture$AsyncRun.exec(CompletableFuture.java:1796)
	at java.base/java.util.concurrent.ForkJoinTask.doExec(ForkJoinTask.java:373)
	at java.base/java.util.concurrent.ForkJoinPool$WorkQueue.topLevelExec(ForkJoinPool.java:1182)
	at java.base/java.util.concurrent.ForkJoinPool.scan(ForkJoinPool.java:1655)
	at java.base/java.util.concurrent.ForkJoinPool.runWorker(ForkJoinPool.java:1622)
	at java.base/java.util.concurrent.ForkJoinWorkerThread.run(ForkJoinWorkerThread.java:165)
Caused by: java.lang.IllegalArgumentException: No enum constant noppes.mpm.constants.EnumAnimation.FORMAT_VERSION
	at java.base/java.lang.Enum.valueOf(Enum.java:273)
	at TRANSFORMER/moreplayermodels@1.18.2.20220801/noppes.mpm.constants.EnumAnimation.valueOf(EnumAnimation.java:3)
	at TRANSFORMER/moreplayermodels@1.18.2.20220801/noppes.mpm.client.parts.MpmPartAnimation.loadAnimations(MpmPartAnimation.java:59)
	... 17 more
[16:06:57][SEVERE/MorePlayerModels][noppes.mpm.client.parts.MpmPartReader:42] Error in naturalist:animations/boar.animation.json
[16:06:57][SEVERE/MorePlayerModels][noppes.mpm.client.parts.MpmPartReader:42] noppes.mpm.util.MpmException: Error in animation: format_version
	at TRANSFORMER/moreplayermodels@1.18.2.20220801/noppes.mpm.client.parts.MpmPartAnimation.loadAnimations(MpmPartAnimation.java:102)
	at TRANSFORMER/moreplayermodels@1.18.2.20220801/noppes.mpm.client.parts.MpmPartReader.reload(MpmPartReader.java:40)
	at TRANSFORMER/moreplayermodels@1.18.2.20220801/noppes.mpm.client.ClientProxy.lambda$load$1(ClientProxy.java:91)
	at TRANSFORMER/moreplayermodels@1.18.2.20220801/noppes.mpm.client.ClientProxy.load(ClientProxy.java:103)
	at TRANSFORMER/moreplayermodels@1.18.2.20220801/noppes.mpm.MorePlayerModels.setup(MorePlayerModels.java:127)
	at MC-BOOTSTRAP/eventbus@5.0.3/net.minecraftforge.eventbus.EventBus.doCastFilter(EventBus.java:247)
	at MC-BOOTSTRAP/eventbus@5.0.3/net.minecraftforge.eventbus.EventBus.lambda$addListener$11(EventBus.java:239)
	at MC-BOOTSTRAP/eventbus@5.0.3/net.minecraftforge.eventbus.EventBus.post(EventBus.java:302)
	at MC-BOOTSTRAP/eventbus@5.0.3/net.minecraftforge.eventbus.EventBus.post(EventBus.java:283)
	at LAYER PLUGIN/javafmllanguage@1.18.2-40.1.30/net.minecraftforge.fml.javafmlmod.FMLModContainer.acceptEvent(FMLModContainer.java:106)
	at LAYER PLUGIN/fmlcore@1.18.2-40.1.30/net.minecraftforge.fml.ModContainer.lambda$buildTransitionHandler$4(ModContainer.java:107)
	at java.base/java.util.concurrent.CompletableFuture$AsyncRun.run(CompletableFuture.java:1804)
	at java.base/java.util.concurrent.CompletableFuture$AsyncRun.exec(CompletableFuture.java:1796)
	at java.base/java.util.concurrent.ForkJoinTask.doExec(ForkJoinTask.java:373)
	at java.base/java.util.concurrent.ForkJoinPool$WorkQueue.topLevelExec(ForkJoinPool.java:1182)
	at java.base/java.util.concurrent.ForkJoinPool.scan(ForkJoinPool.java:1655)
	at java.base/java.util.concurrent.ForkJoinPool.runWorker(ForkJoinPool.java:1622)
	at java.base/java.util.concurrent.ForkJoinWorkerThread.run(ForkJoinWorkerThread.java:165)
Caused by: java.lang.IllegalArgumentException: No enum constant noppes.mpm.constants.EnumAnimation.FORMAT_VERSION
	at java.base/java.lang.Enum.valueOf(Enum.java:273)
	at TRANSFORMER/moreplayermodels@1.18.2.20220801/noppes.mpm.constants.EnumAnimation.valueOf(EnumAnimation.java:3)
	at TRANSFORMER/moreplayermodels@1.18.2.20220801/noppes.mpm.client.parts.MpmPartAnimation.loadAnimations(MpmPartAnimation.java:59)
	... 17 more
[16:06:57][SEVERE/MorePlayerModels][noppes.mpm.client.parts.MpmPartReader:42] Error in geckolib3:animations/botarium.animation.json
[16:06:57][SEVERE/MorePlayerModels][noppes.mpm.client.parts.MpmPartReader:42] noppes.mpm.util.MpmException: Error in animation: format_version
	at TRANSFORMER/moreplayermodels@1.18.2.20220801/noppes.mpm.client.parts.MpmPartAnimation.loadAnimations(MpmPartAnimation.java:102)
	at TRANSFORMER/moreplayermodels@1.18.2.20220801/noppes.mpm.client.parts.MpmPartReader.reload(MpmPartReader.java:40)
	at TRANSFORMER/moreplayermodels@1.18.2.20220801/noppes.mpm.client.ClientProxy.lambda$load$1(ClientProxy.java:91)
	at TRANSFORMER/moreplayermodels@1.18.2.20220801/noppes.mpm.client.ClientProxy.load(ClientProxy.java:103)
	at TRANSFORMER/moreplayermodels@1.18.2.20220801/noppes.mpm.MorePlayerModels.setup(MorePlayerModels.java:127)
	at MC-BOOTSTRAP/eventbus@5.0.3/net.minecraftforge.eventbus.EventBus.doCastFilter(EventBus.java:247)
	at MC-BOOTSTRAP/eventbus@5.0.3/net.minecraftforge.eventbus.EventBus.lambda$addListener$11(EventBus.java:239)
	at MC-BOOTSTRAP/eventbus@5.0.3/net.minecraftforge.eventbus.EventBus.post(EventBus.java:302)
	at MC-BOOTSTRAP/eventbus@5.0.3/net.minecraftforge.eventbus.EventBus.post(EventBus.java:283)
	at LAYER PLUGIN/javafmllanguage@1.18.2-40.1.30/net.minecraftforge.fml.javafmlmod.FMLModContainer.acceptEvent(FMLModContainer.java:106)
	at LAYER PLUGIN/fmlcore@1.18.2-40.1.30/net.minecraftforge.fml.ModContainer.lambda$buildTransitionHandler$4(ModContainer.java:107)
	at java.base/java.util.concurrent.CompletableFuture$AsyncRun.run(CompletableFuture.java:1804)
	at java.base/java.util.concurrent.CompletableFuture$AsyncRun.exec(CompletableFuture.java:1796)
	at java.base/java.util.concurrent.ForkJoinTask.doExec(ForkJoinTask.java:373)
	at java.base/java.util.concurrent.ForkJoinPool$WorkQueue.topLevelExec(ForkJoinPool.java:1182)
	at java.base/java.util.concurrent.ForkJoinPool.scan(ForkJoinPool.java:1655)
	at java.base/java.util.concurrent.ForkJoinPool.runWorker(ForkJoinPool.java:1622)
	at java.base/java.util.concurrent.ForkJoinWorkerThread.run(ForkJoinWorkerThread.java:165)
Caused by: java.lang.IllegalArgumentException: No enum constant noppes.mpm.constants.EnumAnimation.FORMAT_VERSION
	at java.base/java.lang.Enum.valueOf(Enum.java:273)
	at TRANSFORMER/moreplayermodels@1.18.2.20220801/noppes.mpm.constants.EnumAnimation.valueOf(EnumAnimation.java:3)
	at TRANSFORMER/moreplayermodels@1.18.2.20220801/noppes.mpm.client.parts.MpmPartAnimation.loadAnimations(MpmPartAnimation.java:59)
	... 17 more
[16:06:57][SEVERE/MorePlayerModels][noppes.mpm.client.parts.MpmPartReader:42] Error in naturalist:animations/butterfly.animation.json
[16:06:57][SEVERE/MorePlayerModels][noppes.mpm.client.parts.MpmPartReader:42] noppes.mpm.util.MpmException: Error in animation: format_version
	at TRANSFORMER/moreplayermodels@1.18.2.20220801/noppes.mpm.client.parts.MpmPartAnimation.loadAnimations(MpmPartAnimation.java:102)
	at TRANSFORMER/moreplayermodels@1.18.2.20220801/noppes.mpm.client.parts.MpmPartReader.reload(MpmPartReader.java:40)
	at TRANSFORMER/moreplayermodels@1.18.2.20220801/noppes.mpm.client.ClientProxy.lambda$load$1(ClientProxy.java:91)
	at TRANSFORMER/moreplayermodels@1.18.2.20220801/noppes.mpm.client.ClientProxy.load(ClientProxy.java:103)
	at TRANSFORMER/moreplayermodels@1.18.2.20220801/noppes.mpm.MorePlayerModels.setup(MorePlayerModels.java:127)
	at MC-BOOTSTRAP/eventbus@5.0.3/net.minecraftforge.eventbus.EventBus.doCastFilter(EventBus.java:247)
	at MC-BOOTSTRAP/eventbus@5.0.3/net.minecraftforge.eventbus.EventBus.lambda$addListener$11(EventBus.java:239)
	at MC-BOOTSTRAP/eventbus@5.0.3/net.minecraftforge.eventbus.EventBus.post(EventBus.java:302)
	at MC-BOOTSTRAP/eventbus@5.0.3/net.minecraftforge.eventbus.EventBus.post(EventBus.java:283)
	at LAYER PLUGIN/javafmllanguage@1.18.2-40.1.30/net.minecraftforge.fml.javafmlmod.FMLModContainer.acceptEvent(FMLModContainer.java:106)
	at LAYER PLUGIN/fmlcore@1.18.2-40.1.30/net.minecraftforge.fml.ModContainer.lambda$buildTransitionHandler$4(ModContainer.java:107)
	at java.base/java.util.concurrent.CompletableFuture$AsyncRun.run(CompletableFuture.java:1804)
	at java.base/java.util.concurrent.CompletableFuture$AsyncRun.exec(CompletableFuture.java:1796)
	at java.base/java.util.concurrent.ForkJoinTask.doExec(ForkJoinTask.java:373)
	at java.base/java.util.concurrent.ForkJoinPool$WorkQueue.topLevelExec(ForkJoinPool.java:1182)
	at java.base/java.util.concurrent.ForkJoinPool.scan(ForkJoinPool.java:1655)
	at java.base/java.util.concurrent.ForkJoinPool.runWorker(ForkJoinPool.java:1622)
	at java.base/java.util.concurrent.ForkJoinWorkerThread.run(ForkJoinWorkerThread.java:165)
Caused by: java.lang.IllegalArgumentException: No enum constant noppes.mpm.constants.EnumAnimation.FORMAT_VERSION
	at java.base/java.lang.Enum.valueOf(Enum.java:273)
	at TRANSFORMER/moreplayermodels@1.18.2.20220801/noppes.mpm.constants.EnumAnimation.valueOf(EnumAnimation.java:3)
	at TRANSFORMER/moreplayermodels@1.18.2.20220801/noppes.mpm.client.parts.MpmPartAnimation.loadAnimations(MpmPartAnimation.java:59)
	... 17 more
[16:06:57][SEVERE/MorePlayerModels][noppes.mpm.client.parts.MpmPartReader:42] Error in naturalist:animations/caterpillar.animation.json
[16:06:57][SEVERE/MorePlayerModels][noppes.mpm.client.parts.MpmPartReader:42] noppes.mpm.util.MpmException: Error in animation: format_version
	at TRANSFORMER/moreplayermodels@1.18.2.20220801/noppes.mpm.client.parts.MpmPartAnimation.loadAnimations(MpmPartAnimation.java:102)
	at TRANSFORMER/moreplayermodels@1.18.2.20220801/noppes.mpm.client.parts.MpmPartReader.reload(MpmPartReader.java:40)
	at TRANSFORMER/moreplayermodels@1.18.2.20220801/noppes.mpm.client.ClientProxy.lambda$load$1(ClientProxy.java:91)
	at TRANSFORMER/moreplayermodels@1.18.2.20220801/noppes.mpm.client.ClientProxy.load(ClientProxy.java:103)
	at TRANSFORMER/moreplayermodels@1.18.2.20220801/noppes.mpm.MorePlayerModels.setup(MorePlayerModels.java:127)
	at MC-BOOTSTRAP/eventbus@5.0.3/net.minecraftforge.eventbus.EventBus.doCastFilter(EventBus.java:247)
	at MC-BOOTSTRAP/eventbus@5.0.3/net.minecraftforge.eventbus.EventBus.lambda$addListener$11(EventBus.java:239)
	at MC-BOOTSTRAP/eventbus@5.0.3/net.minecraftforge.eventbus.EventBus.post(EventBus.java:302)
	at MC-BOOTSTRAP/eventbus@5.0.3/net.minecraftforge.eventbus.EventBus.post(EventBus.java:283)
	at LAYER PLUGIN/javafmllanguage@1.18.2-40.1.30/net.minecraftforge.fml.javafmlmod.FMLModContainer.acceptEvent(FMLModContainer.java:106)
	at LAYER PLUGIN/fmlcore@1.18.2-40.1.30/net.minecraftforge.fml.ModContainer.lambda$buildTransitionHandler$4(ModContainer.java:107)
	at java.base/java.util.concurrent.CompletableFuture$AsyncRun.run(CompletableFuture.java:1804)
	at java.base/java.util.concurrent.CompletableFuture$AsyncRun.exec(CompletableFuture.java:1796)
	at java.base/java.util.concurrent.ForkJoinTask.doExec(ForkJoinTask.java:373)
	at java.base/java.util.concurrent.ForkJoinPool$WorkQueue.topLevelExec(ForkJoinPool.java:1182)
	at java.base/java.util.concurrent.ForkJoinPool.scan(ForkJoinPool.java:1655)
	at java.base/java.util.concurrent.ForkJoinPool.runWorker(ForkJoinPool.java:1622)
	at java.base/java.util.concurrent.ForkJoinWorkerThread.run(ForkJoinWorkerThread.java:165)
Caused by: java.lang.IllegalArgumentException: No enum constant noppes.mpm.constants.EnumAnimation.FORMAT_VERSION
	at java.base/java.lang.Enum.valueOf(Enum.java:273)
	at TRANSFORMER/moreplayermodels@1.18.2.20220801/noppes.mpm.constants.EnumAnimation.valueOf(EnumAnimation.java:3)
	at TRANSFORMER/moreplayermodels@1.18.2.20220801/noppes.mpm.client.parts.MpmPartAnimation.loadAnimations(MpmPartAnimation.java:59)
	... 17 more
[16:06:57][SEVERE/MorePlayerModels][noppes.mpm.client.parts.MpmPartReader:42] Error in geckolib3:animations/creeper.animation.json
[16:06:57][SEVERE/MorePlayerModels][noppes.mpm.client.parts.MpmPartReader:42] noppes.mpm.util.MpmException: Error in animation: format_version
	at TRANSFORMER/moreplayermodels@1.18.2.20220801/noppes.mpm.client.parts.MpmPartAnimation.loadAnimations(MpmPartAnimation.java:102)
	at TRANSFORMER/moreplayermodels@1.18.2.20220801/noppes.mpm.client.parts.MpmPartReader.reload(MpmPartReader.java:40)
	at TRANSFORMER/moreplayermodels@1.18.2.20220801/noppes.mpm.client.ClientProxy.lambda$load$1(ClientProxy.java:91)
	at TRANSFORMER/moreplayermodels@1.18.2.20220801/noppes.mpm.client.ClientProxy.load(ClientProxy.java:103)
	at TRANSFORMER/moreplayermodels@1.18.2.20220801/noppes.mpm.MorePlayerModels.setup(MorePlayerModels.java:127)
	at MC-BOOTSTRAP/eventbus@5.0.3/net.minecraftforge.eventbus.EventBus.doCastFilter(EventBus.java:247)
	at MC-BOOTSTRAP/eventbus@5.0.3/net.minecraftforge.eventbus.EventBus.lambda$addListener$11(EventBus.java:239)
	at MC-BOOTSTRAP/eventbus@5.0.3/net.minecraftforge.eventbus.EventBus.post(EventBus.java:302)
	at MC-BOOTSTRAP/eventbus@5.0.3/net.minecraftforge.eventbus.EventBus.post(EventBus.java:283)
	at LAYER PLUGIN/javafmllanguage@1.18.2-40.1.30/net.minecraftforge.fml.javafmlmod.FMLModContainer.acceptEvent(FMLModContainer.java:106)
	at LAYER PLUGIN/fmlcore@1.18.2-40.1.30/net.minecraftforge.fml.ModContainer.lambda$buildTransitionHandler$4(ModContainer.java:107)
	at java.base/java.util.concurrent.CompletableFuture$AsyncRun.run(CompletableFuture.java:1804)
	at java.base/java.util.concurrent.CompletableFuture$AsyncRun.exec(CompletableFuture.java:1796)
	at java.base/java.util.concurrent.ForkJoinTask.doExec(ForkJoinTask.java:373)
	at java.base/java.util.concurrent.ForkJoinPool$WorkQueue.topLevelExec(ForkJoinPool.java:1182)
	at java.base/java.util.concurrent.ForkJoinPool.scan(ForkJoinPool.java:1655)
	at java.base/java.util.concurrent.ForkJoinPool.runWorker(ForkJoinPool.java:1622)
	at java.base/java.util.concurrent.ForkJoinWorkerThread.run(ForkJoinWorkerThread.java:165)
Caused by: java.lang.IllegalArgumentException: No enum constant noppes.mpm.constants.EnumAnimation.FORMAT_VERSION
	at java.base/java.lang.Enum.valueOf(Enum.java:273)
	at TRANSFORMER/moreplayermodels@1.18.2.20220801/noppes.mpm.constants.EnumAnimation.valueOf(EnumAnimation.java:3)
	at TRANSFORMER/moreplayermodels@1.18.2.20220801/noppes.mpm.client.parts.MpmPartAnimation.loadAnimations(MpmPartAnimation.java:59)
	... 17 more
[16:06:57][SEVERE/MorePlayerModels][noppes.mpm.client.parts.MpmPartReader:42] Error in naturalist:animations/deer.animation.json
[16:06:57][SEVERE/MorePlayerModels][noppes.mpm.client.parts.MpmPartReader:42] noppes.mpm.util.MpmException: Error in animation: format_version
	at TRANSFORMER/moreplayermodels@1.18.2.20220801/noppes.mpm.client.parts.MpmPartAnimation.loadAnimations(MpmPartAnimation.java:102)
	at TRANSFORMER/moreplayermodels@1.18.2.20220801/noppes.mpm.client.parts.MpmPartReader.reload(MpmPartReader.java:40)
	at TRANSFORMER/moreplayermodels@1.18.2.20220801/noppes.mpm.client.ClientProxy.lambda$load$1(ClientProxy.java:91)
	at TRANSFORMER/moreplayermodels@1.18.2.20220801/noppes.mpm.client.ClientProxy.load(ClientProxy.java:103)
	at TRANSFORMER/moreplayermodels@1.18.2.20220801/noppes.mpm.MorePlayerModels.setup(MorePlayerModels.java:127)
	at MC-BOOTSTRAP/eventbus@5.0.3/net.minecraftforge.eventbus.EventBus.doCastFilter(EventBus.java:247)
	at MC-BOOTSTRAP/eventbus@5.0.3/net.minecraftforge.eventbus.EventBus.lambda$addListener$11(EventBus.java:239)
	at MC-BOOTSTRAP/eventbus@5.0.3/net.minecraftforge.eventbus.EventBus.post(EventBus.java:302)
	at MC-BOOTSTRAP/eventbus@5.0.3/net.minecraftforge.eventbus.EventBus.post(EventBus.java:283)
	at LAYER PLUGIN/javafmllanguage@1.18.2-40.1.30/net.minecraftforge.fml.javafmlmod.FMLModContainer.acceptEvent(FMLModContainer.java:106)
	at LAYER PLUGIN/fmlcore@1.18.2-40.1.30/net.minecraftforge.fml.ModContainer.lambda$buildTransitionHandler$4(ModContainer.java:107)
	at java.base/java.util.concurrent.CompletableFuture$AsyncRun.run(CompletableFuture.java:1804)
	at java.base/java.util.concurrent.CompletableFuture$AsyncRun.exec(CompletableFuture.java:1796)
	at java.base/java.util.concurrent.ForkJoinTask.doExec(ForkJoinTask.java:373)
	at java.base/java.util.concurrent.ForkJoinPool$WorkQueue.topLevelExec(ForkJoinPool.java:1182)
	at java.base/java.util.concurrent.ForkJoinPool.scan(ForkJoinPool.java:1655)
	at java.base/java.util.concurrent.ForkJoinPool.runWorker(ForkJoinPool.java:1622)
	at java.base/java.util.concurrent.ForkJoinWorkerThread.run(ForkJoinWorkerThread.java:165)
Caused by: java.lang.IllegalArgumentException: No enum constant noppes.mpm.constants.EnumAnimation.FORMAT_VERSION
	at java.base/java.lang.Enum.valueOf(Enum.java:273)
	at TRANSFORMER/moreplayermodels@1.18.2.20220801/noppes.mpm.constants.EnumAnimation.valueOf(EnumAnimation.java:3)
	at TRANSFORMER/moreplayermodels@1.18.2.20220801/noppes.mpm.client.parts.MpmPartAnimation.loadAnimations(MpmPartAnimation.java:59)
	... 17 more
[16:06:57][SEVERE/MorePlayerModels][noppes.mpm.client.parts.MpmPartReader:42] Error in duckling:animations/duck.animation.json
[16:06:57][SEVERE/MorePlayerModels][noppes.mpm.client.parts.MpmPartReader:42] noppes.mpm.util.MpmException: Error in animation: format_version
	at TRANSFORMER/moreplayermodels@1.18.2.20220801/noppes.mpm.client.parts.MpmPartAnimation.loadAnimations(MpmPartAnimation.java:102)
	at TRANSFORMER/moreplayermodels@1.18.2.20220801/noppes.mpm.client.parts.MpmPartReader.reload(MpmPartReader.java:40)
	at TRANSFORMER/moreplayermodels@1.18.2.20220801/noppes.mpm.client.ClientProxy.lambda$load$1(ClientProxy.java:91)
	at TRANSFORMER/moreplayermodels@1.18.2.20220801/noppes.mpm.client.ClientProxy.load(ClientProxy.java:103)
	at TRANSFORMER/moreplayermodels@1.18.2.20220801/noppes.mpm.MorePlayerModels.setup(MorePlayerModels.java:127)
	at MC-BOOTSTRAP/eventbus@5.0.3/net.minecraftforge.eventbus.EventBus.doCastFilter(EventBus.java:247)
	at MC-BOOTSTRAP/eventbus@5.0.3/net.minecraftforge.eventbus.EventBus.lambda$addListener$11(EventBus.java:239)
	at MC-BOOTSTRAP/eventbus@5.0.3/net.minecraftforge.eventbus.EventBus.post(EventBus.java:302)
	at MC-BOOTSTRAP/eventbus@5.0.3/net.minecraftforge.eventbus.EventBus.post(EventBus.java:283)
	at LAYER PLUGIN/javafmllanguage@1.18.2-40.1.30/net.minecraftforge.fml.javafmlmod.FMLModContainer.acceptEvent(FMLModContainer.java:106)
	at LAYER PLUGIN/fmlcore@1.18.2-40.1.30/net.minecraftforge.fml.ModContainer.lambda$buildTransitionHandler$4(ModContainer.java:107)
	at java.base/java.util.concurrent.CompletableFuture$AsyncRun.run(CompletableFuture.java:1804)
	at java.base/java.util.concurrent.CompletableFuture$AsyncRun.exec(CompletableFuture.java:1796)
	at java.base/java.util.concurrent.ForkJoinTask.doExec(ForkJoinTask.java:373)
	at java.base/java.util.concurrent.ForkJoinPool$WorkQueue.topLevelExec(ForkJoinPool.java:1182)
	at java.base/java.util.concurrent.ForkJoinPool.scan(ForkJoinPool.java:1655)
	at java.base/java.util.concurrent.ForkJoinPool.runWorker(ForkJoinPool.java:1622)
	at java.base/java.util.concurrent.ForkJoinWorkerThread.run(ForkJoinWorkerThread.java:165)
Caused by: java.lang.IllegalArgumentException: No enum constant noppes.mpm.constants.EnumAnimation.FORMAT_VERSION
	at java.base/java.lang.Enum.valueOf(Enum.java:273)
	at TRANSFORMER/moreplayermodels@1.18.2.20220801/noppes.mpm.constants.EnumAnimation.valueOf(EnumAnimation.java:3)
	at TRANSFORMER/moreplayermodels@1.18.2.20220801/noppes.mpm.client.parts.MpmPartAnimation.loadAnimations(MpmPartAnimation.java:59)
	... 17 more
[16:06:57][SEVERE/MorePlayerModels][noppes.mpm.client.parts.MpmPartReader:42] Error in naturalist:animations/elephant.animation.json
[16:06:57][SEVERE/MorePlayerModels][noppes.mpm.client.parts.MpmPartReader:42] noppes.mpm.util.MpmException: Error in animation: format_version
	at TRANSFORMER/moreplayermodels@1.18.2.20220801/noppes.mpm.client.parts.MpmPartAnimation.loadAnimations(MpmPartAnimation.java:102)
	at TRANSFORMER/moreplayermodels@1.18.2.20220801/noppes.mpm.client.parts.MpmPartReader.reload(MpmPartReader.java:40)
	at TRANSFORMER/moreplayermodels@1.18.2.20220801/noppes.mpm.client.ClientProxy.lambda$load$1(ClientProxy.java:91)
	at TRANSFORMER/moreplayermodels@1.18.2.20220801/noppes.mpm.client.ClientProxy.load(ClientProxy.java:103)
	at TRANSFORMER/moreplayermodels@1.18.2.20220801/noppes.mpm.MorePlayerModels.setup(MorePlayerModels.java:127)
	at MC-BOOTSTRAP/eventbus@5.0.3/net.minecraftforge.eventbus.EventBus.doCastFilter(EventBus.java:247)
	at MC-BOOTSTRAP/eventbus@5.0.3/net.minecraftforge.eventbus.EventBus.lambda$addListener$11(EventBus.java:239)
	at MC-BOOTSTRAP/eventbus@5.0.3/net.minecraftforge.eventbus.EventBus.post(EventBus.java:302)
	at MC-BOOTSTRAP/eventbus@5.0.3/net.minecraftforge.eventbus.EventBus.post(EventBus.java:283)
	at LAYER PLUGIN/javafmllanguage@1.18.2-40.1.30/net.minecraftforge.fml.javafmlmod.FMLModContainer.acceptEvent(FMLModContainer.java:106)
	at LAYER PLUGIN/fmlcore@1.18.2-40.1.30/net.minecraftforge.fml.ModContainer.lambda$buildTransitionHandler$4(ModContainer.java:107)
	at java.base/java.util.concurrent.CompletableFuture$AsyncRun.run(CompletableFuture.java:1804)
	at java.base/java.util.concurrent.CompletableFuture$AsyncRun.exec(CompletableFuture.java:1796)
	at java.base/java.util.concurrent.ForkJoinTask.doExec(ForkJoinTask.java:373)
	at java.base/java.util.concurrent.ForkJoinPool$WorkQueue.topLevelExec(ForkJoinPool.java:1182)
	at java.base/java.util.concurrent.ForkJoinPool.scan(ForkJoinPool.java:1655)
	at java.base/java.util.concurrent.ForkJoinPool.runWorker(ForkJoinPool.java:1622)
	at java.base/java.util.concurrent.ForkJoinWorkerThread.run(ForkJoinWorkerThread.java:165)
Caused by: java.lang.IllegalArgumentException: No enum constant noppes.mpm.constants.EnumAnimation.FORMAT_VERSION
	at java.base/java.lang.Enum.valueOf(Enum.java:273)
	at TRANSFORMER/moreplayermodels@1.18.2.20220801/noppes.mpm.constants.EnumAnimation.valueOf(EnumAnimation.java:3)
	at TRANSFORMER/moreplayermodels@1.18.2.20220801/noppes.mpm.client.parts.MpmPartAnimation.loadAnimations(MpmPartAnimation.java:59)
	... 17 more
[16:06:57][SEVERE/MorePlayerModels][noppes.mpm.client.parts.MpmPartReader:42] Error in geckolib3:animations/extendedrendererentity.animation.json
[16:06:57][SEVERE/MorePlayerModels][noppes.mpm.client.parts.MpmPartReader:42] noppes.mpm.util.MpmException: Error in animation: format_version
	at TRANSFORMER/moreplayermodels@1.18.2.20220801/noppes.mpm.client.parts.MpmPartAnimation.loadAnimations(MpmPartAnimation.java:102)
	at TRANSFORMER/moreplayermodels@1.18.2.20220801/noppes.mpm.client.parts.MpmPartReader.reload(MpmPartReader.java:40)
	at TRANSFORMER/moreplayermodels@1.18.2.20220801/noppes.mpm.client.ClientProxy.lambda$load$1(ClientProxy.java:91)
	at TRANSFORMER/moreplayermodels@1.18.2.20220801/noppes.mpm.client.ClientProxy.load(ClientProxy.java:103)
	at TRANSFORMER/moreplayermodels@1.18.2.20220801/noppes.mpm.MorePlayerModels.setup(MorePlayerModels.java:127)
	at MC-BOOTSTRAP/eventbus@5.0.3/net.minecraftforge.eventbus.EventBus.doCastFilter(EventBus.java:247)
	at MC-BOOTSTRAP/eventbus@5.0.3/net.minecraftforge.eventbus.EventBus.lambda$addListener$11(EventBus.java:239)
	at MC-BOOTSTRAP/eventbus@5.0.3/net.minecraftforge.eventbus.EventBus.post(EventBus.java:302)
	at MC-BOOTSTRAP/eventbus@5.0.3/net.minecraftforge.eventbus.EventBus.post(EventBus.java:283)
	at LAYER PLUGIN/javafmllanguage@1.18.2-40.1.30/net.minecraftforge.fml.javafmlmod.FMLModContainer.acceptEvent(FMLModContainer.java:106)
	at LAYER PLUGIN/fmlcore@1.18.2-40.1.30/net.minecraftforge.fml.ModContainer.lambda$buildTransitionHandler$4(ModContainer.java:107)
	at java.base/java.util.concurrent.CompletableFuture$AsyncRun.run(CompletableFuture.java:1804)
	at java.base/java.util.concurrent.CompletableFuture$AsyncRun.exec(CompletableFuture.java:1796)
	at java.base/java.util.concurrent.ForkJoinTask.doExec(ForkJoinTask.java:373)
	at java.base/java.util.concurrent.ForkJoinPool$WorkQueue.topLevelExec(ForkJoinPool.java:1182)
	at java.base/java.util.concurrent.ForkJoinPool.scan(ForkJoinPool.java:1655)
	at java.base/java.util.concurrent.ForkJoinPool.runWorker(ForkJoinPool.java:1622)
	at java.base/java.util.concurrent.ForkJoinWorkerThread.run(ForkJoinWorkerThread.java:165)
Caused by: java.lang.IllegalArgumentException: No enum constant noppes.mpm.constants.EnumAnimation.FORMAT_VERSION
	at java.base/java.lang.Enum.valueOf(Enum.java:273)
	at TRANSFORMER/moreplayermodels@1.18.2.20220801/noppes.mpm.constants.EnumAnimation.valueOf(EnumAnimation.java:3)
	at TRANSFORMER/moreplayermodels@1.18.2.20220801/noppes.mpm.client.parts.MpmPartAnimation.loadAnimations(MpmPartAnimation.java:59)
	... 17 more
[16:06:57][SEVERE/MorePlayerModels][noppes.mpm.client.parts.MpmPartReader:42] Error in geckolib3:animations/fertilizer.animation.json
[16:06:57][SEVERE/MorePlayerModels][noppes.mpm.client.parts.MpmPartReader:42] noppes.mpm.util.MpmException: Error in animation: format_version
	at TRANSFORMER/moreplayermodels@1.18.2.20220801/noppes.mpm.client.parts.MpmPartAnimation.loadAnimations(MpmPartAnimation.java:102)
	at TRANSFORMER/moreplayermodels@1.18.2.20220801/noppes.mpm.client.parts.MpmPartReader.reload(MpmPartReader.java:40)
	at TRANSFORMER/moreplayermodels@1.18.2.20220801/noppes.mpm.client.ClientProxy.lambda$load$1(ClientProxy.java:91)
	at TRANSFORMER/moreplayermodels@1.18.2.20220801/noppes.mpm.client.ClientProxy.load(ClientProxy.java:103)
	at TRANSFORMER/moreplayermodels@1.18.2.20220801/noppes.mpm.MorePlayerModels.setup(MorePlayerModels.java:127)
	at MC-BOOTSTRAP/eventbus@5.0.3/net.minecraftforge.eventbus.EventBus.doCastFilter(EventBus.java:247)
	at MC-BOOTSTRAP/eventbus@5.0.3/net.minecraftforge.eventbus.EventBus.lambda$addListener$11(EventBus.java:239)
	at MC-BOOTSTRAP/eventbus@5.0.3/net.minecraftforge.eventbus.EventBus.post(EventBus.java:302)
	at MC-BOOTSTRAP/eventbus@5.0.3/net.minecraftforge.eventbus.EventBus.post(EventBus.java:283)
	at LAYER PLUGIN/javafmllanguage@1.18.2-40.1.30/net.minecraftforge.fml.javafmlmod.FMLModContainer.acceptEvent(FMLModContainer.java:106)
	at LAYER PLUGIN/fmlcore@1.18.2-40.1.30/net.minecraftforge.fml.ModContainer.lambda$buildTransitionHandler$4(ModContainer.java:107)
	at java.base/java.util.concurrent.CompletableFuture$AsyncRun.run(CompletableFuture.java:1804)
	at java.base/java.util.concurrent.CompletableFuture$AsyncRun.exec(CompletableFuture.java:1796)
	at java.base/java.util.concurrent.ForkJoinTask.doExec(ForkJoinTask.java:373)
	at java.base/java.util.concurrent.ForkJoinPool$WorkQueue.topLevelExec(ForkJoinPool.java:1182)
	at java.base/java.util.concurrent.ForkJoinPool.scan(ForkJoinPool.java:1655)
	at java.base/java.util.concurrent.ForkJoinPool.runWorker(ForkJoinPool.java:1622)
	at java.base/java.util.concurrent.ForkJoinWorkerThread.run(ForkJoinWorkerThread.java:165)
Caused by: java.lang.IllegalArgumentException: No enum constant noppes.mpm.constants.EnumAnimation.FORMAT_VERSION
	at java.base/java.lang.Enum.valueOf(Enum.java:273)
	at TRANSFORMER/moreplayermodels@1.18.2.20220801/noppes.mpm.constants.EnumAnimation.valueOf(EnumAnimation.java:3)
	at TRANSFORMER/moreplayermodels@1.18.2.20220801/noppes.mpm.client.parts.MpmPartAnimation.loadAnimations(MpmPartAnimation.java:59)
	... 17 more
[16:06:57][SEVERE/MorePlayerModels][noppes.mpm.client.parts.MpmPartReader:42] Error in naturalist:animations/firefly.animation.json
[16:06:57][SEVERE/MorePlayerModels][noppes.mpm.client.parts.MpmPartReader:42] noppes.mpm.util.MpmException: Error in animation: format_version
	at TRANSFORMER/moreplayermodels@1.18.2.20220801/noppes.mpm.client.parts.MpmPartAnimation.loadAnimations(MpmPartAnimation.java:102)
	at TRANSFORMER/moreplayermodels@1.18.2.20220801/noppes.mpm.client.parts.MpmPartReader.reload(MpmPartReader.java:40)
	at TRANSFORMER/moreplayermodels@1.18.2.20220801/noppes.mpm.client.ClientProxy.lambda$load$1(ClientProxy.java:91)
	at TRANSFORMER/moreplayermodels@1.18.2.20220801/noppes.mpm.client.ClientProxy.load(ClientProxy.java:103)
	at TRANSFORMER/moreplayermodels@1.18.2.20220801/noppes.mpm.MorePlayerModels.setup(MorePlayerModels.java:127)
	at MC-BOOTSTRAP/eventbus@5.0.3/net.minecraftforge.eventbus.EventBus.doCastFilter(EventBus.java:247)
	at MC-BOOTSTRAP/eventbus@5.0.3/net.minecraftforge.eventbus.EventBus.lambda$addListener$11(EventBus.java:239)
	at MC-BOOTSTRAP/eventbus@5.0.3/net.minecraftforge.eventbus.EventBus.post(EventBus.java:302)
	at MC-BOOTSTRAP/eventbus@5.0.3/net.minecraftforge.eventbus.EventBus.post(EventBus.java:283)
	at LAYER PLUGIN/javafmllanguage@1.18.2-40.1.30/net.minecraftforge.fml.javafmlmod.FMLModContainer.acceptEvent(FMLModContainer.java:106)
	at LAYER PLUGIN/fmlcore@1.18.2-40.1.30/net.minecraftforge.fml.ModContainer.lambda$buildTransitionHandler$4(ModContainer.java:107)
	at java.base/java.util.concurrent.CompletableFuture$AsyncRun.run(CompletableFuture.java:1804)
	at java.base/java.util.concurrent.CompletableFuture$AsyncRun.exec(CompletableFuture.java:1796)
	at java.base/java.util.concurrent.ForkJoinTask.doExec(ForkJoinTask.java:373)
	at java.base/java.util.concurrent.ForkJoinPool$WorkQueue.topLevelExec(ForkJoinPool.java:1182)
	at java.base/java.util.concurrent.ForkJoinPool.scan(ForkJoinPool.java:1655)
	at java.base/java.util.concurrent.ForkJoinPool.runWorker(ForkJoinPool.java:1622)
	at java.base/java.util.concurrent.ForkJoinWorkerThread.run(ForkJoinWorkerThread.java:165)
Caused by: java.lang.IllegalArgumentException: No enum constant noppes.mpm.constants.EnumAnimation.FORMAT_VERSION
	at java.base/java.lang.Enum.valueOf(Enum.java:273)
	at TRANSFORMER/moreplayermodels@1.18.2.20220801/noppes.mpm.constants.EnumAnimation.valueOf(EnumAnimation.java:3)
	at TRANSFORMER/moreplayermodels@1.18.2.20220801/noppes.mpm.client.parts.MpmPartAnimation.loadAnimations(MpmPartAnimation.java:59)
	... 17 more
[16:06:57][SEVERE/MorePlayerModels][noppes.mpm.client.parts.MpmPartReader:42] Error in naturalist:animations/giraffe.animation.json
[16:06:57][SEVERE/MorePlayerModels][noppes.mpm.client.parts.MpmPartReader:42] noppes.mpm.util.MpmException: Error in animation: format_version
	at TRANSFORMER/moreplayermodels@1.18.2.20220801/noppes.mpm.client.parts.MpmPartAnimation.loadAnimations(MpmPartAnimation.java:102)
	at TRANSFORMER/moreplayermodels@1.18.2.20220801/noppes.mpm.client.parts.MpmPartReader.reload(MpmPartReader.java:40)
	at TRANSFORMER/moreplayermodels@1.18.2.20220801/noppes.mpm.client.ClientProxy.lambda$load$1(ClientProxy.java:91)
	at TRANSFORMER/moreplayermodels@1.18.2.20220801/noppes.mpm.client.ClientProxy.load(ClientProxy.java:103)
	at TRANSFORMER/moreplayermodels@1.18.2.20220801/noppes.mpm.MorePlayerModels.setup(MorePlayerModels.java:127)
	at MC-BOOTSTRAP/eventbus@5.0.3/net.minecraftforge.eventbus.EventBus.doCastFilter(EventBus.java:247)
	at MC-BOOTSTRAP/eventbus@5.0.3/net.minecraftforge.eventbus.EventBus.lambda$addListener$11(EventBus.java:239)
	at MC-BOOTSTRAP/eventbus@5.0.3/net.minecraftforge.eventbus.EventBus.post(EventBus.java:302)
	at MC-BOOTSTRAP/eventbus@5.0.3/net.minecraftforge.eventbus.EventBus.post(EventBus.java:283)
	at LAYER PLUGIN/javafmllanguage@1.18.2-40.1.30/net.minecraftforge.fml.javafmlmod.FMLModContainer.acceptEvent(FMLModContainer.java:106)
	at LAYER PLUGIN/fmlcore@1.18.2-40.1.30/net.minecraftforge.fml.ModContainer.lambda$buildTransitionHandler$4(ModContainer.java:107)
	at java.base/java.util.concurrent.CompletableFuture$AsyncRun.run(CompletableFuture.java:1804)
	at java.base/java.util.concurrent.CompletableFuture$AsyncRun.exec(CompletableFuture.java:1796)
	at java.base/java.util.concurrent.ForkJoinTask.doExec(ForkJoinTask.java:373)
	at java.base/java.util.concurrent.ForkJoinPool$WorkQueue.topLevelExec(ForkJoinPool.java:1182)
	at java.base/java.util.concurrent.ForkJoinPool.scan(ForkJoinPool.java:1655)
	at java.base/java.util.concurrent.ForkJoinPool.runWorker(ForkJoinPool.java:1622)
	at java.base/java.util.concurrent.ForkJoinWorkerThread.run(ForkJoinWorkerThread.java:165)
Caused by: java.lang.IllegalArgumentException: No enum constant noppes.mpm.constants.EnumAnimation.FORMAT_VERSION
	at java.base/java.lang.Enum.valueOf(Enum.java:273)
	at TRANSFORMER/moreplayermodels@1.18.2.20220801/noppes.mpm.constants.EnumAnimation.valueOf(EnumAnimation.java:3)
	at TRANSFORMER/moreplayermodels@1.18.2.20220801/noppes.mpm.client.parts.MpmPartAnimation.loadAnimations(MpmPartAnimation.java:59)
	... 17 more
[16:06:57][SEVERE/MorePlayerModels][noppes.mpm.client.parts.MpmPartReader:42] Error in naturalist:animations/hippo.animation.json
[16:06:57][SEVERE/MorePlayerModels][noppes.mpm.client.parts.MpmPartReader:42] noppes.mpm.util.MpmException: Error in animation: format_version
	at TRANSFORMER/moreplayermodels@1.18.2.20220801/noppes.mpm.client.parts.MpmPartAnimation.loadAnimations(MpmPartAnimation.java:102)
	at TRANSFORMER/moreplayermodels@1.18.2.20220801/noppes.mpm.client.parts.MpmPartReader.reload(MpmPartReader.java:40)
	at TRANSFORMER/moreplayermodels@1.18.2.20220801/noppes.mpm.client.ClientProxy.lambda$load$1(ClientProxy.java:91)
	at TRANSFORMER/moreplayermodels@1.18.2.20220801/noppes.mpm.client.ClientProxy.load(ClientProxy.java:103)
	at TRANSFORMER/moreplayermodels@1.18.2.20220801/noppes.mpm.MorePlayerModels.setup(MorePlayerModels.java:127)
	at MC-BOOTSTRAP/eventbus@5.0.3/net.minecraftforge.eventbus.EventBus.doCastFilter(EventBus.java:247)
	at MC-BOOTSTRAP/eventbus@5.0.3/net.minecraftforge.eventbus.EventBus.lambda$addListener$11(EventBus.java:239)
	at MC-BOOTSTRAP/eventbus@5.0.3/net.minecraftforge.eventbus.EventBus.post(EventBus.java:302)
	at MC-BOOTSTRAP/eventbus@5.0.3/net.minecraftforge.eventbus.EventBus.post(EventBus.java:283)
	at LAYER PLUGIN/javafmllanguage@1.18.2-40.1.30/net.minecraftforge.fml.javafmlmod.FMLModContainer.acceptEvent(FMLModContainer.java:106)
	at LAYER PLUGIN/fmlcore@1.18.2-40.1.30/net.minecraftforge.fml.ModContainer.lambda$buildTransitionHandler$4(ModContainer.java:107)
	at java.base/java.util.concurrent.CompletableFuture$AsyncRun.run(CompletableFuture.java:1804)
	at java.base/java.util.concurrent.CompletableFuture$AsyncRun.exec(CompletableFuture.java:1796)
	at java.base/java.util.concurrent.ForkJoinTask.doExec(ForkJoinTask.java:373)
	at java.base/java.util.concurrent.ForkJoinPool$WorkQueue.topLevelExec(ForkJoinPool.java:1182)
	at java.base/java.util.concurrent.ForkJoinPool.scan(ForkJoinPool.java:1655)
	at java.base/java.util.concurrent.ForkJoinPool.runWorker(ForkJoinPool.java:1622)
	at java.base/java.util.concurrent.ForkJoinWorkerThread.run(ForkJoinWorkerThread.java:165)
Caused by: java.lang.IllegalArgumentException: No enum constant noppes.mpm.constants.EnumAnimation.FORMAT_VERSION
	at java.base/java.lang.Enum.valueOf(Enum.java:273)
	at TRANSFORMER/moreplayermodels@1.18.2.20220801/noppes.mpm.constants.EnumAnimation.valueOf(EnumAnimation.java:3)
	at TRANSFORMER/moreplayermodels@1.18.2.20220801/noppes.mpm.client.parts.MpmPartAnimation.loadAnimations(MpmPartAnimation.java:59)
	... 17 more
[16:06:57][SEVERE/MorePlayerModels][noppes.mpm.client.parts.MpmPartReader:42] Error in geckolib3:animations/ice_bee.animation.json
[16:06:57][SEVERE/MorePlayerModels][noppes.mpm.client.parts.MpmPartReader:42] noppes.mpm.util.MpmException: Error in animation: format_version
	at TRANSFORMER/moreplayermodels@1.18.2.20220801/noppes.mpm.client.parts.MpmPartAnimation.loadAnimations(MpmPartAnimation.java:102)
	at TRANSFORMER/moreplayermodels@1.18.2.20220801/noppes.mpm.client.parts.MpmPartReader.reload(MpmPartReader.java:40)
	at TRANSFORMER/moreplayermodels@1.18.2.20220801/noppes.mpm.client.ClientProxy.lambda$load$1(ClientProxy.java:91)
	at TRANSFORMER/moreplayermodels@1.18.2.20220801/noppes.mpm.client.ClientProxy.load(ClientProxy.java:103)
	at TRANSFORMER/moreplayermodels@1.18.2.20220801/noppes.mpm.MorePlayerModels.setup(MorePlayerModels.java:127)
	at MC-BOOTSTRAP/eventbus@5.0.3/net.minecraftforge.eventbus.EventBus.doCastFilter(EventBus.java:247)
	at MC-BOOTSTRAP/eventbus@5.0.3/net.minecraftforge.eventbus.EventBus.lambda$addListener$11(EventBus.java:239)
	at MC-BOOTSTRAP/eventbus@5.0.3/net.minecraftforge.eventbus.EventBus.post(EventBus.java:302)
	at MC-BOOTSTRAP/eventbus@5.0.3/net.minecraftforge.eventbus.EventBus.post(EventBus.java:283)
	at LAYER PLUGIN/javafmllanguage@1.18.2-40.1.30/net.minecraftforge.fml.javafmlmod.FMLModContainer.acceptEvent(FMLModContainer.java:106)
	at LAYER PLUGIN/fmlcore@1.18.2-40.1.30/net.minecraftforge.fml.ModContainer.lambda$buildTransitionHandler$4(ModContainer.java:107)
	at java.base/java.util.concurrent.CompletableFuture$AsyncRun.run(CompletableFuture.java:1804)
	at java.base/java.util.concurrent.CompletableFuture$AsyncRun.exec(CompletableFuture.java:1796)
	at java.base/java.util.concurrent.ForkJoinTask.doExec(ForkJoinTask.java:373)
	at java.base/java.util.concurrent.ForkJoinPool$WorkQueue.topLevelExec(ForkJoinPool.java:1182)
	at java.base/java.util.concurrent.ForkJoinPool.scan(ForkJoinPool.java:1655)
	at java.base/java.util.concurrent.ForkJoinPool.runWorker(ForkJoinPool.java:1622)
	at java.base/java.util.concurrent.ForkJoinWorkerThread.run(ForkJoinWorkerThread.java:165)
Caused by: java.lang.IllegalArgumentException: No enum constant noppes.mpm.constants.EnumAnimation.FORMAT_VERSION
	at java.base/java.lang.Enum.valueOf(Enum.java:273)
	at TRANSFORMER/moreplayermodels@1.18.2.20220801/noppes.mpm.constants.EnumAnimation.valueOf(EnumAnimation.java:3)
	at TRANSFORMER/moreplayermodels@1.18.2.20220801/noppes.mpm.client.parts.MpmPartAnimation.loadAnimations(MpmPartAnimation.java:59)
	... 17 more
[16:06:57][SEVERE/MorePlayerModels][noppes.mpm.client.parts.MpmPartReader:42] Error in geckolib3:animations/jackinthebox.animation.json
[16:06:57][SEVERE/MorePlayerModels][noppes.mpm.client.parts.MpmPartReader:42] noppes.mpm.util.MpmException: Error in animation: format_version
	at TRANSFORMER/moreplayermodels@1.18.2.20220801/noppes.mpm.client.parts.MpmPartAnimation.loadAnimations(MpmPartAnimation.java:102)
	at TRANSFORMER/moreplayermodels@1.18.2.20220801/noppes.mpm.client.parts.MpmPartReader.reload(MpmPartReader.java:40)
	at TRANSFORMER/moreplayermodels@1.18.2.20220801/noppes.mpm.client.ClientProxy.lambda$load$1(ClientProxy.java:91)
	at TRANSFORMER/moreplayermodels@1.18.2.20220801/noppes.mpm.client.ClientProxy.load(ClientProxy.java:103)
	at TRANSFORMER/moreplayermodels@1.18.2.20220801/noppes.mpm.MorePlayerModels.setup(MorePlayerModels.java:127)
	at MC-BOOTSTRAP/eventbus@5.0.3/net.minecraftforge.eventbus.EventBus.doCastFilter(EventBus.java:247)
	at MC-BOOTSTRAP/eventbus@5.0.3/net.minecraftforge.eventbus.EventBus.lambda$addListener$11(EventBus.java:239)
	at MC-BOOTSTRAP/eventbus@5.0.3/net.minecraftforge.eventbus.EventBus.post(EventBus.java:302)
	at MC-BOOTSTRAP/eventbus@5.0.3/net.minecraftforge.eventbus.EventBus.post(EventBus.java:283)
	at LAYER PLUGIN/javafmllanguage@1.18.2-40.1.30/net.minecraftforge.fml.javafmlmod.FMLModContainer.acceptEvent(FMLModContainer.java:106)
	at LAYER PLUGIN/fmlcore@1.18.2-40.1.30/net.minecraftforge.fml.ModContainer.lambda$buildTransitionHandler$4(ModContainer.java:107)
	at java.base/java.util.concurrent.CompletableFuture$AsyncRun.run(CompletableFuture.java:1804)
	at java.base/java.util.concurrent.CompletableFuture$AsyncRun.exec(CompletableFuture.java:1796)
	at java.base/java.util.concurrent.ForkJoinTask.doExec(ForkJoinTask.java:373)
	at java.base/java.util.concurrent.ForkJoinPool$WorkQueue.topLevelExec(ForkJoinPool.java:1182)
	at java.base/java.util.concurrent.ForkJoinPool.scan(ForkJoinPool.java:1655)
	at java.base/java.util.concurrent.ForkJoinPool.runWorker(ForkJoinPool.java:1622)
	at java.base/java.util.concurrent.ForkJoinWorkerThread.run(ForkJoinWorkerThread.java:165)
Caused by: java.lang.IllegalArgumentException: No enum constant noppes.mpm.constants.EnumAnimation.FORMAT_VERSION
	at java.base/java.lang.Enum.valueOf(Enum.java:273)
	at TRANSFORMER/moreplayermodels@1.18.2.20220801/noppes.mpm.constants.EnumAnimation.valueOf(EnumAnimation.java:3)
	at TRANSFORMER/moreplayermodels@1.18.2.20220801/noppes.mpm.client.parts.MpmPartAnimation.loadAnimations(MpmPartAnimation.java:59)
	... 17 more
[16:06:57][SEVERE/MorePlayerModels][noppes.mpm.client.parts.MpmPartReader:42] Error in geckolib3:animations/le.animations.json
[16:06:57][SEVERE/MorePlayerModels][noppes.mpm.client.parts.MpmPartReader:42] noppes.mpm.util.MpmException: Error in animation: format_version
	at TRANSFORMER/moreplayermodels@1.18.2.20220801/noppes.mpm.client.parts.MpmPartAnimation.loadAnimations(MpmPartAnimation.java:102)
	at TRANSFORMER/moreplayermodels@1.18.2.20220801/noppes.mpm.client.parts.MpmPartReader.reload(MpmPartReader.java:40)
	at TRANSFORMER/moreplayermodels@1.18.2.20220801/noppes.mpm.client.ClientProxy.lambda$load$1(ClientProxy.java:91)
	at TRANSFORMER/moreplayermodels@1.18.2.20220801/noppes.mpm.client.ClientProxy.load(ClientProxy.java:103)
	at TRANSFORMER/moreplayermodels@1.18.2.20220801/noppes.mpm.MorePlayerModels.setup(MorePlayerModels.java:127)
	at MC-BOOTSTRAP/eventbus@5.0.3/net.minecraftforge.eventbus.EventBus.doCastFilter(EventBus.java:247)
	at MC-BOOTSTRAP/eventbus@5.0.3/net.minecraftforge.eventbus.EventBus.lambda$addListener$11(EventBus.java:239)
	at MC-BOOTSTRAP/eventbus@5.0.3/net.minecraftforge.eventbus.EventBus.post(EventBus.java:302)
	at MC-BOOTSTRAP/eventbus@5.0.3/net.minecraftforge.eventbus.EventBus.post(EventBus.java:283)
	at LAYER PLUGIN/javafmllanguage@1.18.2-40.1.30/net.minecraftforge.fml.javafmlmod.FMLModContainer.acceptEvent(FMLModContainer.java:106)
	at LAYER PLUGIN/fmlcore@1.18.2-40.1.30/net.minecraftforge.fml.ModContainer.lambda$buildTransitionHandler$4(ModContainer.java:107)
	at java.base/java.util.concurrent.CompletableFuture$AsyncRun.run(CompletableFuture.java:1804)
	at java.base/java.util.concurrent.CompletableFuture$AsyncRun.exec(CompletableFuture.java:1796)
	at java.base/java.util.concurrent.ForkJoinTask.doExec(ForkJoinTask.java:373)
	at java.base/java.util.concurrent.ForkJoinPool$WorkQueue.topLevelExec(ForkJoinPool.java:1182)
	at java.base/java.util.concurrent.ForkJoinPool.scan(ForkJoinPool.java:1655)
	at java.base/java.util.concurrent.ForkJoinPool.runWorker(ForkJoinPool.java:1622)
	at java.base/java.util.concurrent.ForkJoinWorkerThread.run(ForkJoinWorkerThread.java:165)
Caused by: java.lang.IllegalArgumentException: No enum constant noppes.mpm.constants.EnumAnimation.FORMAT_VERSION
	at java.base/java.lang.Enum.valueOf(Enum.java:273)
	at TRANSFORMER/moreplayermodels@1.18.2.20220801/noppes.mpm.constants.EnumAnimation.valueOf(EnumAnimation.java:3)
	at TRANSFORMER/moreplayermodels@1.18.2.20220801/noppes.mpm.client.parts.MpmPartAnimation.loadAnimations(MpmPartAnimation.java:59)
	... 17 more
[16:06:57][SEVERE/MorePlayerModels][noppes.mpm.client.parts.MpmPartReader:42] Error in naturalist:animations/lion.animation.json
[16:06:57][SEVERE/MorePlayerModels][noppes.mpm.client.parts.MpmPartReader:42] noppes.mpm.util.MpmException: Error in animation: format_version
	at TRANSFORMER/moreplayermodels@1.18.2.20220801/noppes.mpm.client.parts.MpmPartAnimation.loadAnimations(MpmPartAnimation.java:102)
	at TRANSFORMER/moreplayermodels@1.18.2.20220801/noppes.mpm.client.parts.MpmPartReader.reload(MpmPartReader.java:40)
	at TRANSFORMER/moreplayermodels@1.18.2.20220801/noppes.mpm.client.ClientProxy.lambda$load$1(ClientProxy.java:91)
	at TRANSFORMER/moreplayermodels@1.18.2.20220801/noppes.mpm.client.ClientProxy.load(ClientProxy.java:103)
	at TRANSFORMER/moreplayermodels@1.18.2.20220801/noppes.mpm.MorePlayerModels.setup(MorePlayerModels.java:127)
	at MC-BOOTSTRAP/eventbus@5.0.3/net.minecraftforge.eventbus.EventBus.doCastFilter(EventBus.java:247)
	at MC-BOOTSTRAP/eventbus@5.0.3/net.minecraftforge.eventbus.EventBus.lambda$addListener$11(EventBus.java:239)
	at MC-BOOTSTRAP/eventbus@5.0.3/net.minecraftforge.eventbus.EventBus.post(EventBus.java:302)
	at MC-BOOTSTRAP/eventbus@5.0.3/net.minecraftforge.eventbus.EventBus.post(EventBus.java:283)
	at LAYER PLUGIN/javafmllanguage@1.18.2-40.1.30/net.minecraftforge.fml.javafmlmod.FMLModContainer.acceptEvent(FMLModContainer.java:106)
	at LAYER PLUGIN/fmlcore@1.18.2-40.1.30/net.minecraftforge.fml.ModContainer.lambda$buildTransitionHandler$4(ModContainer.java:107)
	at java.base/java.util.concurrent.CompletableFuture$AsyncRun.run(CompletableFuture.java:1804)
	at java.base/java.util.concurrent.CompletableFuture$AsyncRun.exec(CompletableFuture.java:1796)
	at java.base/java.util.concurrent.ForkJoinTask.doExec(ForkJoinTask.java:373)
	at java.base/java.util.concurrent.ForkJoinPool$WorkQueue.topLevelExec(ForkJoinPool.java:1182)
	at java.base/java.util.concurrent.ForkJoinPool.scan(ForkJoinPool.java:1655)
	at java.base/java.util.concurrent.ForkJoinPool.runWorker(ForkJoinPool.java:1622)
	at java.base/java.util.concurrent.ForkJoinWorkerThread.run(ForkJoinWorkerThread.java:165)
Caused by: java.lang.IllegalArgumentException: No enum constant noppes.mpm.constants.EnumAnimation.FORMAT_VERSION
	at java.base/java.lang.Enum.valueOf(Enum.java:273)
	at TRANSFORMER/moreplayermodels@1.18.2.20220801/noppes.mpm.constants.EnumAnimation.valueOf(EnumAnimation.java:3)
	at TRANSFORMER/moreplayermodels@1.18.2.20220801/noppes.mpm.client.parts.MpmPartAnimation.loadAnimations(MpmPartAnimation.java:59)
	... 17 more
[16:06:57][SEVERE/MorePlayerModels][noppes.mpm.client.parts.MpmPartReader:42] Error in geckolib3:animations/pistol.animation.json
[16:06:57][SEVERE/MorePlayerModels][noppes.mpm.client.parts.MpmPartReader:42] noppes.mpm.util.MpmException: Error in animation: format_version
	at TRANSFORMER/moreplayermodels@1.18.2.20220801/noppes.mpm.client.parts.MpmPartAnimation.loadAnimations(MpmPartAnimation.java:102)
	at TRANSFORMER/moreplayermodels@1.18.2.20220801/noppes.mpm.client.parts.MpmPartReader.reload(MpmPartReader.java:40)
	at TRANSFORMER/moreplayermodels@1.18.2.20220801/noppes.mpm.client.ClientProxy.lambda$load$1(ClientProxy.java:91)
	at TRANSFORMER/moreplayermodels@1.18.2.20220801/noppes.mpm.client.ClientProxy.load(ClientProxy.java:103)
	at TRANSFORMER/moreplayermodels@1.18.2.20220801/noppes.mpm.MorePlayerModels.setup(MorePlayerModels.java:127)
	at MC-BOOTSTRAP/eventbus@5.0.3/net.minecraftforge.eventbus.EventBus.doCastFilter(EventBus.java:247)
	at MC-BOOTSTRAP/eventbus@5.0.3/net.minecraftforge.eventbus.EventBus.lambda$addListener$11(EventBus.java:239)
	at MC-BOOTSTRAP/eventbus@5.0.3/net.minecraftforge.eventbus.EventBus.post(EventBus.java:302)
	at MC-BOOTSTRAP/eventbus@5.0.3/net.minecraftforge.eventbus.EventBus.post(EventBus.java:283)
	at LAYER PLUGIN/javafmllanguage@1.18.2-40.1.30/net.minecraftforge.fml.javafmlmod.FMLModContainer.acceptEvent(FMLModContainer.java:106)
	at LAYER PLUGIN/fmlcore@1.18.2-40.1.30/net.minecraftforge.fml.ModContainer.lambda$buildTransitionHandler$4(ModContainer.java:107)
	at java.base/java.util.concurrent.CompletableFuture$AsyncRun.run(CompletableFuture.java:1804)
	at java.base/java.util.concurrent.CompletableFuture$AsyncRun.exec(CompletableFuture.java:1796)
	at java.base/java.util.concurrent.ForkJoinTask.doExec(ForkJoinTask.java:373)
	at java.base/java.util.concurrent.ForkJoinPool$WorkQueue.topLevelExec(ForkJoinPool.java:1182)
	at java.base/java.util.concurrent.ForkJoinPool.scan(ForkJoinPool.java:1655)
	at java.base/java.util.concurrent.ForkJoinPool.runWorker(ForkJoinPool.java:1622)
	at java.base/java.util.concurrent.ForkJoinWorkerThread.run(ForkJoinWorkerThread.java:165)
Caused by: java.lang.IllegalArgumentException: No enum constant noppes.mpm.constants.EnumAnimation.FORMAT_VERSION
	at java.base/java.lang.Enum.valueOf(Enum.java:273)
	at TRANSFORMER/moreplayermodels@1.18.2.20220801/noppes.mpm.constants.EnumAnimation.valueOf(EnumAnimation.java:3)
	at TRANSFORMER/moreplayermodels@1.18.2.20220801/noppes.mpm.client.parts.MpmPartAnimation.loadAnimations(MpmPartAnimation.java:59)
	... 17 more
[16:06:57][SEVERE/MorePlayerModels][noppes.mpm.client.parts.MpmPartReader:42] Error in geckolib3:animations/potato_armor.animation.json
[16:06:57][SEVERE/MorePlayerModels][noppes.mpm.client.parts.MpmPartReader:42] noppes.mpm.util.MpmException: Error in animation: format_version
	at TRANSFORMER/moreplayermodels@1.18.2.20220801/noppes.mpm.client.parts.MpmPartAnimation.loadAnimations(MpmPartAnimation.java:102)
	at TRANSFORMER/moreplayermodels@1.18.2.20220801/noppes.mpm.client.parts.MpmPartReader.reload(MpmPartReader.java:40)
	at TRANSFORMER/moreplayermodels@1.18.2.20220801/noppes.mpm.client.ClientProxy.lambda$load$1(ClientProxy.java:91)
	at TRANSFORMER/moreplayermodels@1.18.2.20220801/noppes.mpm.client.ClientProxy.load(ClientProxy.java:103)
	at TRANSFORMER/moreplayermodels@1.18.2.20220801/noppes.mpm.MorePlayerModels.setup(MorePlayerModels.java:127)
	at MC-BOOTSTRAP/eventbus@5.0.3/net.minecraftforge.eventbus.EventBus.doCastFilter(EventBus.java:247)
	at MC-BOOTSTRAP/eventbus@5.0.3/net.minecraftforge.eventbus.EventBus.lambda$addListener$11(EventBus.java:239)
	at MC-BOOTSTRAP/eventbus@5.0.3/net.minecraftforge.eventbus.EventBus.post(EventBus.java:302)
	at MC-BOOTSTRAP/eventbus@5.0.3/net.minecraftforge.eventbus.EventBus.post(EventBus.java:283)
	at LAYER PLUGIN/javafmllanguage@1.18.2-40.1.30/net.minecraftforge.fml.javafmlmod.FMLModContainer.acceptEvent(FMLModContainer.java:106)
	at LAYER PLUGIN/fmlcore@1.18.2-40.1.30/net.minecraftforge.fml.ModContainer.lambda$buildTransitionHandler$4(ModContainer.java:107)
	at java.base/java.util.concurrent.CompletableFuture$AsyncRun.run(CompletableFuture.java:1804)
	at java.base/java.util.concurrent.CompletableFuture$AsyncRun.exec(CompletableFuture.java:1796)
	at java.base/java.util.concurrent.ForkJoinTask.doExec(ForkJoinTask.java:373)
	at java.base/java.util.concurrent.ForkJoinPool$WorkQueue.topLevelExec(ForkJoinPool.java:1182)
	at java.base/java.util.concurrent.ForkJoinPool.scan(ForkJoinPool.java:1655)
	at java.base/java.util.concurrent.ForkJoinPool.runWorker(ForkJoinPool.java:1622)
	at java.base/java.util.concurrent.ForkJoinWorkerThread.run(ForkJoinWorkerThread.java:165)
Caused by: java.lang.IllegalArgumentException: No enum constant noppes.mpm.constants.EnumAnimation.FORMAT_VERSION
	at java.base/java.lang.Enum.valueOf(Enum.java:273)
	at TRANSFORMER/moreplayermodels@1.18.2.20220801/noppes.mpm.constants.EnumAnimation.valueOf(EnumAnimation.java:3)
	at TRANSFORMER/moreplayermodels@1.18.2.20220801/noppes.mpm.client.parts.MpmPartAnimation.loadAnimations(MpmPartAnimation.java:59)
	... 17 more
[16:06:57][SEVERE/MorePlayerModels][noppes.mpm.client.parts.MpmPartReader:42] Error in duckling:animations/quackling.animation.json
[16:06:57][SEVERE/MorePlayerModels][noppes.mpm.client.parts.MpmPartReader:42] noppes.mpm.util.MpmException: Error in animation: format_version
	at TRANSFORMER/moreplayermodels@1.18.2.20220801/noppes.mpm.client.parts.MpmPartAnimation.loadAnimations(MpmPartAnimation.java:102)
	at TRANSFORMER/moreplayermodels@1.18.2.20220801/noppes.mpm.client.parts.MpmPartReader.reload(MpmPartReader.java:40)
	at TRANSFORMER/moreplayermodels@1.18.2.20220801/noppes.mpm.client.ClientProxy.lambda$load$1(ClientProxy.java:91)
	at TRANSFORMER/moreplayermodels@1.18.2.20220801/noppes.mpm.client.ClientProxy.load(ClientProxy.java:103)
	at TRANSFORMER/moreplayermodels@1.18.2.20220801/noppes.mpm.MorePlayerModels.setup(MorePlayerModels.java:127)
	at MC-BOOTSTRAP/eventbus@5.0.3/net.minecraftforge.eventbus.EventBus.doCastFilter(EventBus.java:247)
	at MC-BOOTSTRAP/eventbus@5.0.3/net.minecraftforge.eventbus.EventBus.lambda$addListener$11(EventBus.java:239)
	at MC-BOOTSTRAP/eventbus@5.0.3/net.minecraftforge.eventbus.EventBus.post(EventBus.java:302)
	at MC-BOOTSTRAP/eventbus@5.0.3/net.minecraftforge.eventbus.EventBus.post(EventBus.java:283)
	at LAYER PLUGIN/javafmllanguage@1.18.2-40.1.30/net.minecraftforge.fml.javafmlmod.FMLModContainer.acceptEvent(FMLModContainer.java:106)
	at LAYER PLUGIN/fmlcore@1.18.2-40.1.30/net.minecraftforge.fml.ModContainer.lambda$buildTransitionHandler$4(ModContainer.java:107)
	at java.base/java.util.concurrent.CompletableFuture$AsyncRun.run(CompletableFuture.java:1804)
	at java.base/java.util.concurrent.CompletableFuture$AsyncRun.exec(CompletableFuture.java:1796)
	at java.base/java.util.concurrent.ForkJoinTask.doExec(ForkJoinTask.java:373)
	at java.base/java.util.concurrent.ForkJoinPool$WorkQueue.topLevelExec(ForkJoinPool.java:1182)
	at java.base/java.util.concurrent.ForkJoinPool.scan(ForkJoinPool.java:1655)
	at java.base/java.util.concurrent.ForkJoinPool.runWorker(ForkJoinPool.java:1622)
	at java.base/java.util.concurrent.ForkJoinWorkerThread.run(ForkJoinWorkerThread.java:165)
Caused by: java.lang.IllegalArgumentException: No enum constant noppes.mpm.constants.EnumAnimation.FORMAT_VERSION
	at java.base/java.lang.Enum.valueOf(Enum.java:273)
	at TRANSFORMER/moreplayermodels@1.18.2.20220801/noppes.mpm.constants.EnumAnimation.valueOf(EnumAnimation.java:3)
	at TRANSFORMER/moreplayermodels@1.18.2.20220801/noppes.mpm.client.parts.MpmPartAnimation.loadAnimations(MpmPartAnimation.java:59)
	... 17 more
[16:06:57][SEVERE/MorePlayerModels][noppes.mpm.client.parts.MpmPartReader:42] Error in naturalist:animations/rhino.animation.json
[16:06:57][SEVERE/MorePlayerModels][noppes.mpm.client.parts.MpmPartReader:42] noppes.mpm.util.MpmException: Error in animation: format_version
	at TRANSFORMER/moreplayermodels@1.18.2.20220801/noppes.mpm.client.parts.MpmPartAnimation.loadAnimations(MpmPartAnimation.java:102)
	at TRANSFORMER/moreplayermodels@1.18.2.20220801/noppes.mpm.client.parts.MpmPartReader.reload(MpmPartReader.java:40)
	at TRANSFORMER/moreplayermodels@1.18.2.20220801/noppes.mpm.client.ClientProxy.lambda$load$1(ClientProxy.java:91)
	at TRANSFORMER/moreplayermodels@1.18.2.20220801/noppes.mpm.client.ClientProxy.load(ClientProxy.java:103)
	at TRANSFORMER/moreplayermodels@1.18.2.20220801/noppes.mpm.MorePlayerModels.setup(MorePlayerModels.java:127)
	at MC-BOOTSTRAP/eventbus@5.0.3/net.minecraftforge.eventbus.EventBus.doCastFilter(EventBus.java:247)
	at MC-BOOTSTRAP/eventbus@5.0.3/net.minecraftforge.eventbus.EventBus.lambda$addListener$11(EventBus.java:239)
	at MC-BOOTSTRAP/eventbus@5.0.3/net.minecraftforge.eventbus.EventBus.post(EventBus.java:302)
	at MC-BOOTSTRAP/eventbus@5.0.3/net.minecraftforge.eventbus.EventBus.post(EventBus.java:283)
	at LAYER PLUGIN/javafmllanguage@1.18.2-40.1.30/net.minecraftforge.fml.javafmlmod.FMLModContainer.acceptEvent(FMLModContainer.java:106)
	at LAYER PLUGIN/fmlcore@1.18.2-40.1.30/net.minecraftforge.fml.ModContainer.lambda$buildTransitionHandler$4(ModContainer.java:107)
	at java.base/java.util.concurrent.CompletableFuture$AsyncRun.run(CompletableFuture.java:1804)
	at java.base/java.util.concurrent.CompletableFuture$AsyncRun.exec(CompletableFuture.java:1796)
	at java.base/java.util.concurrent.ForkJoinTask.doExec(ForkJoinTask.java:373)
	at java.base/java.util.concurrent.ForkJoinPool$WorkQueue.topLevelExec(ForkJoinPool.java:1182)
	at java.base/java.util.concurrent.ForkJoinPool.scan(ForkJoinPool.java:1655)
	at java.base/java.util.concurrent.ForkJoinPool.runWorker(ForkJoinPool.java:1622)
	at java.base/java.util.concurrent.ForkJoinWorkerThread.run(ForkJoinWorkerThread.java:165)
Caused by: java.lang.IllegalArgumentException: No enum constant noppes.mpm.constants.EnumAnimation.FORMAT_VERSION
	at java.base/java.lang.Enum.valueOf(Enum.java:273)
	at TRANSFORMER/moreplayermodels@1.18.2.20220801/noppes.mpm.constants.EnumAnimation.valueOf(EnumAnimation.java:3)
	at TRANSFORMER/moreplayermodels@1.18.2.20220801/noppes.mpm.client.parts.MpmPartAnimation.loadAnimations(MpmPartAnimation.java:59)
	... 17 more
[16:06:57][SEVERE/MorePlayerModels][noppes.mpm.client.parts.MpmPartReader:42] Error in naturalist:animations/snail.animation.json
[16:06:57][SEVERE/MorePlayerModels][noppes.mpm.client.parts.MpmPartReader:42] noppes.mpm.util.MpmException: Error in animation: format_version
	at TRANSFORMER/moreplayermodels@1.18.2.20220801/noppes.mpm.client.parts.MpmPartAnimation.loadAnimations(MpmPartAnimation.java:102)
	at TRANSFORMER/moreplayermodels@1.18.2.20220801/noppes.mpm.client.parts.MpmPartReader.reload(MpmPartReader.java:40)
	at TRANSFORMER/moreplayermodels@1.18.2.20220801/noppes.mpm.client.ClientProxy.lambda$load$1(ClientProxy.java:91)
	at TRANSFORMER/moreplayermodels@1.18.2.20220801/noppes.mpm.client.ClientProxy.load(ClientProxy.java:103)
	at TRANSFORMER/moreplayermodels@1.18.2.20220801/noppes.mpm.MorePlayerModels.setup(MorePlayerModels.java:127)
	at MC-BOOTSTRAP/eventbus@5.0.3/net.minecraftforge.eventbus.EventBus.doCastFilter(EventBus.java:247)
	at MC-BOOTSTRAP/eventbus@5.0.3/net.minecraftforge.eventbus.EventBus.lambda$addListener$11(EventBus.java:239)
	at MC-BOOTSTRAP/eventbus@5.0.3/net.minecraftforge.eventbus.EventBus.post(EventBus.java:302)
	at MC-BOOTSTRAP/eventbus@5.0.3/net.minecraftforge.eventbus.EventBus.post(EventBus.java:283)
	at LAYER PLUGIN/javafmllanguage@1.18.2-40.1.30/net.minecraftforge.fml.javafmlmod.FMLModContainer.acceptEvent(FMLModContainer.java:106)
	at LAYER PLUGIN/fmlcore@1.18.2-40.1.30/net.minecraftforge.fml.ModContainer.lambda$buildTransitionHandler$4(ModContainer.java:107)
	at java.base/java.util.concurrent.CompletableFuture$AsyncRun.run(CompletableFuture.java:1804)
	at java.base/java.util.concurrent.CompletableFuture$AsyncRun.exec(CompletableFuture.java:1796)
	at java.base/java.util.concurrent.ForkJoinTask.doExec(ForkJoinTask.java:373)
	at java.base/java.util.concurrent.ForkJoinPool$WorkQueue.topLevelExec(ForkJoinPool.java:1182)
	at java.base/java.util.concurrent.ForkJoinPool.scan(ForkJoinPool.java:1655)
	at java.base/java.util.concurrent.ForkJoinPool.runWorker(ForkJoinPool.java:1622)
	at java.base/java.util.concurrent.ForkJoinWorkerThread.run(ForkJoinWorkerThread.java:165)
Caused by: java.lang.IllegalArgumentException: No enum constant noppes.mpm.constants.EnumAnimation.FORMAT_VERSION
	at java.base/java.lang.Enum.valueOf(Enum.java:273)
	at TRANSFORMER/moreplayermodels@1.18.2.20220801/noppes.mpm.constants.EnumAnimation.valueOf(EnumAnimation.java:3)
	at TRANSFORMER/moreplayermodels@1.18.2.20220801/noppes.mpm.client.parts.MpmPartAnimation.loadAnimations(MpmPartAnimation.java:59)
	... 17 more
[16:06:57][SEVERE/MorePlayerModels][noppes.mpm.client.parts.MpmPartReader:42] Error in naturalist:animations/snake.animation.json
[16:06:57][SEVERE/MorePlayerModels][noppes.mpm.client.parts.MpmPartReader:42] noppes.mpm.util.MpmException: Error in animation: format_version
	at TRANSFORMER/moreplayermodels@1.18.2.20220801/noppes.mpm.client.parts.MpmPartAnimation.loadAnimations(MpmPartAnimation.java:102)
	at TRANSFORMER/moreplayermodels@1.18.2.20220801/noppes.mpm.client.parts.MpmPartReader.reload(MpmPartReader.java:40)
	at TRANSFORMER/moreplayermodels@1.18.2.20220801/noppes.mpm.client.ClientProxy.lambda$load$1(ClientProxy.java:91)
	at TRANSFORMER/moreplayermodels@1.18.2.20220801/noppes.mpm.client.ClientProxy.load(ClientProxy.java:103)
	at TRANSFORMER/moreplayermodels@1.18.2.20220801/noppes.mpm.MorePlayerModels.setup(MorePlayerModels.java:127)
	at MC-BOOTSTRAP/eventbus@5.0.3/net.minecraftforge.eventbus.EventBus.doCastFilter(EventBus.java:247)
	at MC-BOOTSTRAP/eventbus@5.0.3/net.minecraftforge.eventbus.EventBus.lambda$addListener$11(EventBus.java:239)
	at MC-BOOTSTRAP/eventbus@5.0.3/net.minecraftforge.eventbus.EventBus.post(EventBus.java:302)
	at MC-BOOTSTRAP/eventbus@5.0.3/net.minecraftforge.eventbus.EventBus.post(EventBus.java:283)
	at LAYER PLUGIN/javafmllanguage@1.18.2-40.1.30/net.minecraftforge.fml.javafmlmod.FMLModContainer.acceptEvent(FMLModContainer.java:106)
	at LAYER PLUGIN/fmlcore@1.18.2-40.1.30/net.minecraftforge.fml.ModContainer.lambda$buildTransitionHandler$4(ModContainer.java:107)
	at java.base/java.util.concurrent.CompletableFuture$AsyncRun.run(CompletableFuture.java:1804)
	at java.base/java.util.concurrent.CompletableFuture$AsyncRun.exec(CompletableFuture.java:1796)
	at java.base/java.util.concurrent.ForkJoinTask.doExec(ForkJoinTask.java:373)
	at java.base/java.util.concurrent.ForkJoinPool$WorkQueue.topLevelExec(ForkJoinPool.java:1182)
	at java.base/java.util.concurrent.ForkJoinPool.scan(ForkJoinPool.java:1655)
	at java.base/java.util.concurrent.ForkJoinPool.runWorker(ForkJoinPool.java:1622)
	at java.base/java.util.concurrent.ForkJoinWorkerThread.run(ForkJoinWorkerThread.java:165)
Caused by: java.lang.IllegalArgumentException: No enum constant noppes.mpm.constants.EnumAnimation.FORMAT_VERSION
	at java.base/java.lang.Enum.valueOf(Enum.java:273)
	at TRANSFORMER/moreplayermodels@1.18.2.20220801/noppes.mpm.constants.EnumAnimation.valueOf(EnumAnimation.java:3)
	at TRANSFORMER/moreplayermodels@1.18.2.20220801/noppes.mpm.client.parts.MpmPartAnimation.loadAnimations(MpmPartAnimation.java:59)
	... 17 more
[16:06:57][SEVERE/MorePlayerModels][noppes.mpm.client.parts.MpmPartReader:42] Error in naturalist:animations/vulture.animation.json
[16:06:57][SEVERE/MorePlayerModels][noppes.mpm.client.parts.MpmPartReader:42] noppes.mpm.util.MpmException: Error in animation: format_version
	at TRANSFORMER/moreplayermodels@1.18.2.20220801/noppes.mpm.client.parts.MpmPartAnimation.loadAnimations(MpmPartAnimation.java:102)
	at TRANSFORMER/moreplayermodels@1.18.2.20220801/noppes.mpm.client.parts.MpmPartReader.reload(MpmPartReader.java:40)
	at TRANSFORMER/moreplayermodels@1.18.2.20220801/noppes.mpm.client.ClientProxy.lambda$load$1(ClientProxy.java:91)
	at TRANSFORMER/moreplayermodels@1.18.2.20220801/noppes.mpm.client.ClientProxy.load(ClientProxy.java:103)
	at TRANSFORMER/moreplayermodels@1.18.2.20220801/noppes.mpm.MorePlayerModels.setup(MorePlayerModels.java:127)
	at MC-BOOTSTRAP/eventbus@5.0.3/net.minecraftforge.eventbus.EventBus.doCastFilter(EventBus.java:247)
	at MC-BOOTSTRAP/eventbus@5.0.3/net.minecraftforge.eventbus.EventBus.lambda$addListener$11(EventBus.java:239)
	at MC-BOOTSTRAP/eventbus@5.0.3/net.minecraftforge.eventbus.EventBus.post(EventBus.java:302)
	at MC-BOOTSTRAP/eventbus@5.0.3/net.minecraftforge.eventbus.EventBus.post(EventBus.java:283)
	at LAYER PLUGIN/javafmllanguage@1.18.2-40.1.30/net.minecraftforge.fml.javafmlmod.FMLModContainer.acceptEvent(FMLModContainer.java:106)
	at LAYER PLUGIN/fmlcore@1.18.2-40.1.30/net.minecraftforge.fml.ModContainer.lambda$buildTransitionHandler$4(ModContainer.java:107)
	at java.base/java.util.concurrent.CompletableFuture$AsyncRun.run(CompletableFuture.java:1804)
	at java.base/java.util.concurrent.CompletableFuture$AsyncRun.exec(CompletableFuture.java:1796)
	at java.base/java.util.concurrent.ForkJoinTask.doExec(ForkJoinTask.java:373)
	at java.base/java.util.concurrent.ForkJoinPool$WorkQueue.topLevelExec(ForkJoinPool.java:1182)
	at java.base/java.util.concurrent.ForkJoinPool.scan(ForkJoinPool.java:1655)
	at java.base/java.util.concurrent.ForkJoinPool.runWorker(ForkJoinPool.java:1622)
	at java.base/java.util.concurrent.ForkJoinWorkerThread.run(ForkJoinWorkerThread.java:165)
Caused by: java.lang.IllegalArgumentException: No enum constant noppes.mpm.constants.EnumAnimation.FORMAT_VERSION
	at java.base/java.lang.Enum.valueOf(Enum.java:273)
	at TRANSFORMER/moreplayermodels@1.18.2.20220801/noppes.mpm.constants.EnumAnimation.valueOf(EnumAnimation.java:3)
	at TRANSFORMER/moreplayermodels@1.18.2.20220801/noppes.mpm.client.parts.MpmPartAnimation.loadAnimations(MpmPartAnimation.java:59)
	... 17 more
[16:06:57][SEVERE/MorePlayerModels][noppes.mpm.client.parts.MpmPartReader:42] Error in naturalist:animations/zebra.animation.json
[16:06:57][SEVERE/MorePlayerModels][noppes.mpm.client.parts.MpmPartReader:42] noppes.mpm.util.MpmException: Error in animation: format_version
	at TRANSFORMER/moreplayermodels@1.18.2.20220801/noppes.mpm.client.parts.MpmPartAnimation.loadAnimations(MpmPartAnimation.java:102)
	at TRANSFORMER/moreplayermodels@1.18.2.20220801/noppes.mpm.client.parts.MpmPartReader.reload(MpmPartReader.java:40)
	at TRANSFORMER/moreplayermodels@1.18.2.20220801/noppes.mpm.client.ClientProxy.lambda$load$1(ClientProxy.java:91)
	at TRANSFORMER/moreplayermodels@1.18.2.20220801/noppes.mpm.client.ClientProxy.load(ClientProxy.java:103)
	at TRANSFORMER/moreplayermodels@1.18.2.20220801/noppes.mpm.MorePlayerModels.setup(MorePlayerModels.java:127)
	at MC-BOOTSTRAP/eventbus@5.0.3/net.minecraftforge.eventbus.EventBus.doCastFilter(EventBus.java:247)
	at MC-BOOTSTRAP/eventbus@5.0.3/net.minecraftforge.eventbus.EventBus.lambda$addListener$11(EventBus.java:239)
	at MC-BOOTSTRAP/eventbus@5.0.3/net.minecraftforge.eventbus.EventBus.post(EventBus.java:302)
	at MC-BOOTSTRAP/eventbus@5.0.3/net.minecraftforge.eventbus.EventBus.post(EventBus.java:283)
	at LAYER PLUGIN/javafmllanguage@1.18.2-40.1.30/net.minecraftforge.fml.javafmlmod.FMLModContainer.acceptEvent(FMLModContainer.java:106)
	at LAYER PLUGIN/fmlcore@1.18.2-40.1.30/net.minecraftforge.fml.ModContainer.lambda$buildTransitionHandler$4(ModContainer.java:107)
	at java.base/java.util.concurrent.CompletableFuture$AsyncRun.run(CompletableFuture.java:1804)
	at java.base/java.util.concurrent.CompletableFuture$AsyncRun.exec(CompletableFuture.java:1796)
	at java.base/java.util.concurrent.ForkJoinTask.doExec(ForkJoinTask.java:373)
	at java.base/java.util.concurrent.ForkJoinPool$WorkQueue.topLevelExec(ForkJoinPool.java:1182)
	at java.base/java.util.concurrent.ForkJoinPool.scan(ForkJoinPool.java:1655)
	at java.base/java.util.concurrent.ForkJoinPool.runWorker(ForkJoinPool.java:1622)
	at java.base/java.util.concurrent.ForkJoinWorkerThread.run(ForkJoinWorkerThread.java:165)
Caused by: java.lang.IllegalArgumentException: No enum constant noppes.mpm.constants.EnumAnimation.FORMAT_VERSION
	at java.base/java.lang.Enum.valueOf(Enum.java:273)
	at TRANSFORMER/moreplayermodels@1.18.2.20220801/noppes.mpm.constants.EnumAnimation.valueOf(EnumAnimation.java:3)
	at TRANSFORMER/moreplayermodels@1.18.2.20220801/noppes.mpm.client.parts.MpmPartAnimation.loadAnimations(MpmPartAnimation.java:59)
	... 17 more
